make all --print-data-base --no-builtin-variables --no-builtin-rules --question
# GNU Make 3.81
# Copyright (C) 2006  Free Software Foundation, Inc.
# This is free software; see the source for copying conditions.
# There is NO warranty; not even for MERCHANTABILITY or FITNESS FOR A
# PARTICULAR PURPOSE.

# This program built for i386-apple-darwin11.3.0
 

# Make data base, printed on Mon Jul 11 10:03:45 2022

# Variables

# automatic
<D = $(patsubst %/,%,$(dir $<))
# automatic
?F = $(notdir $?)
# environment
NPM_CONFIG_USERCONFIG = /Users/Shared/CLOUD/Kunden/ErnstYoung/.env.node/.npmrc
# automatic
?D = $(patsubst %/,%,$(dir $?))
# environment
DIRENV_WATCHES = eJxkzs9KxDAQgPF3ybk4af5Mm151TyoKsgcRD5Nm4hZqAkm6KuK7y-KtvsDv-16-xSO1k5gEHCuXCk8nKhzg-u7heAO3Wwqc4FBSbc95S29wxelcZtGJ-xza8s5i6tEOCrWSQycOn0ttVUytbPzT7Wm-MF9_zJpnWqFeYhCWwukMtK75A1DaiHYccLQ6SIpaKRcDzaz8YLzSsTfeMTkXDKmoe-xx9iORtxKNtP_WpJPGyN3a628AAAD___ioTjY=
# automatic
@D = $(patsubst %/,%,$(dir $@))
# automatic
@F = $(notdir $@)
# environment
GITLAB_NOTIFICATIONS_TOKEN = 
# makefile
CURDIR := /Users/Shared/CLOUD/Kunden/ErnstYoung/Playground/40_Tutorial_BarChart
# makefile
SHELL = /bin/sh
# environment
VSCODE_NLS_CONFIG = {"locale":"de","availableLanguages":{},"_languagePackSupport":true}
# environment
DIRENV_LOG_FORMAT = 
# environment
_ = /usr/bin/make
# environment
DIRENV_FILE = /Users/Shared/CLOUD/Kunden/ErnstYoung/.envrc
# makefile (from `Makefile', line 1)
MAKEFILE_LIST :=  Makefile
# environment
__CFBundleIdentifier = com.googlecode.iterm2
# environment
DIRENV_DIFF = eJzEk9uTmjAUxv-XPIssq3ib6QMl4CVyEXBZ94XBmFWKJEiCAjv-7x3dtk473c761JfMOWe-38zJly9vIAejN-BqwQSMgLzkpOCyv4sLspH1ubOEMirphlDZKCgXK1bSrbxO6OiHklym9Z_T33hIjmTPclIEjO35u6zkhbxnON7f2mvxq-PX6nKCcwvQy4pw6hn2UwSnHhgB6VObgtZPypzOjU_fr03oscA3ONQCfWL4YATIrEobPkQV1BZb1-zU67Qbv6pWpqhKUDPEt9iDqp11dy8HLc16qET9WkLiyOFRUnpS5TtKqm6NiV4-6-mAol2zlcr-jmhOJzwdcNf86q_xUPUfh6eK7PGLGM-kqokHXE16wnD0IvQXNXbogxBPy1qs3Sboh5lkmcOomeU0PJhktdPDU5laAvVVTYFxMllhPF_0_GkeIw_DJm4Gq3nj8-CVWEH6DFHGiFRVw8TxRIVs4UZhPnPHtd2Je48DTdNgFEUJC76tvoAWsF0r0h3bnI6jpW947-Vd1rYp2xC5TfPsavJd0bvxOc2zv-btX9BHGTXoMSkYzQgVXLYvSmXQ7rYfPgT-96doAffyEBPHui_WN-_A-fw9AAD__5qrWvQ=
# environment
VSCODE_PORTABLE = /Users/Shared/VSCode/ErnstYoung/code-insiders-portable-data
# environment
PATH = /Users/Shared/CLOUD/Kunden/ErnstYoung/bin:/Users/ernstyoung/bin:/Users/Shared/CLOUD/DeveloperTools/bin:/usr/local/bin:/usr/bin:/bin:/usr/sbin:/sbin
# environment
SERVER_SOFTWARE = Development
# environment
PNPM_HOME = /Users/Shared/CLOUD/Kunden/ErnstYoung/.env.node/pnpm
# environment
ELECTRON_RUN_AS_NODE = 1
# default
.FEATURES := target-specific order-only second-expansion else-if archives jobserver check-symlink
# environment
SSH_AUTH_SOCK = /tmp/ssh-ErqOn6a7FkrO/agent.74167
# automatic
%F = $(notdir $%)
# environment
PWD = /Users/Shared/CLOUD/Kunden/ErnstYoung/Playground/40_Tutorial_BarChart
# environment
SSH_AGENT_PID = 74168
# environment
ORIGINAL_XDG_CURRENT_DESKTOP = undefined
# environment
VSCODE_AMD_ENTRYPOINT = vs/workbench/api/node/extensionHostProcess
# environment
HOME = /Users/ernstyoung
# default
MAKEFILEPATH := /Applications/Xcode.app/Contents/Developer/Makefiles
# environment
VSCODE_CODE_CACHE_PATH = /Users/Shared/VSCode/ErnstYoung/code-insiders-portable-data/user-data/CachedData/3104db414c8fedcf6e4493f14da7df0b7413853a
# environment
LOGNAME = ernstyoung
# environment
APPLICATION_INSIGHTS_NO_DIAGNOSTIC_CHANNEL = true
# environment
VSCODE_HANDLES_UNCAUGHT_ERRORS = true
# automatic
^D = $(patsubst %/,%,$(dir $^))
# environment
XPC_FLAGS = 0x0
# environment
COLORTERM = truecolor
# default
MAKE = $(MAKE_COMMAND)
# environment
LC_TERMINAL = iTerm2
# environment
DIRENV_DIR = -/Users/Shared/CLOUD/Kunden/ErnstYoung
# environment
SHLVL = 3
# default
MAKE_VERSION := 3.81
# environment
USER = ernstyoung
# makefile
.DEFAULT_GOAL := default
# default
MAKECMDGOALS := all
# environment
TERM_SESSION_ID = w0t2p0:98D3F3F7-A657-4BAE-9222-9B199DA29249
# automatic
%D = $(patsubst %/,%,$(dir $%))
# environment
VSCODE_CWD = /Users/Shared/CLOUD/Kunden/ErnstYoung/Playground.d3.js/d3-starter
# default
MAKE_COMMAND := /Applications/Xcode.app/Contents/Developer/usr/bin/make
# environment
TERM_PROGRAM = iTerm.app
# default
.VARIABLES := 
# environment
TMPDIR = /var/folders/q0/4sbhwtd1595bdhnrlx4fhcwh0000gt/T/
# automatic
*F = $(notdir $*)
# environment
VSCODE_IPC_HOOK = /Users/Shared/VSCode/ErnstYoung/code-insiders-portable-data/user-data/1.70.0-insider-main.sock
# makefile
MAKEFLAGS = Rrqp
# environment
MFLAGS = -Rrqp
# automatic
*D = $(patsubst %/,%,$(dir $*))
# environment
TERM_PROGRAM_VERSION = 3.4.16
# environment
XPC_SERVICE_NAME = 0
# environment
LC_TERMINAL_VERSION = 3.4.16
# automatic
+D = $(patsubst %/,%,$(dir $+))
# automatic
+F = $(notdir $+)
# environment
ITERM_SESSION_ID = w0t2p0:98D3F3F7-A657-4BAE-9222-9B199DA29249
# environment
COLORFGBG = 15;0
# environment
__CF_USER_TEXT_ENCODING = 0x1FA:0x0:0x3
# environment
COMMAND_MODE = unix2003
# default
MAKEFILES := 
# automatic
<F = $(notdir $<)
# environment
ITERM_PROFILE = EY: PLAYGROUND
# environment
LC_ALL = C
# environment
CHROME_BIN = /usr/local/bin/chromium
# automatic
^F = $(notdir $^)
# default
SUFFIXES := 
# default
.INCLUDE_DIRS = /usr/local/include
# makefile (from `Makefile', line 5)
FILE_CERTIFICATIONTOOLS := "../../../.env.node/lib/node_modules/powerbi-visuals-tools/lib/CertificateTools.js"
# environment
MAKELEVEL := 0
# environment
LANG = C
# environment
TERM = xterm-256color
# environment
VSCODE_PID = 91059
# variable set hash-table stats:
# Load=80/1024=8%, Rehash=0, Collisions=6/104=6%

# Pattern-specific Variable Values

# No pattern-specific variable values.

# Directories

# . (device 16777225, inode 130818391): 26 files, no impossibilities.

# 26 files, no impossibilities in 1 directories.

# Implicit Rules

# No implicit rules.

# Files

# Not a target:
all:
#  Command-line target.
#  Implicit rule search has been done.
#  File does not exist.
#  File has not been updated.
# variable set hash-table stats:
# Load=0/32=0%, Rehash=0, Collisions=0/0=0%

install_cert_edit:
#  Implicit rule search has not been done.
#  Modification time never checked.
#  File has not been updated.
#  commands to execute (from `Makefile', line 15):
	vi $(FILE_CERTIFICATIONTOOLS)
	

install_cert_fix: clean_certs
#  Implicit rule search has not been done.
#  Modification time never checked.
#  File has not been updated.
#  commands to execute (from `Makefile', line 12):
	sed -i '' '1,$$s/const subject = "localhost"/const subject = "PowerBi Visual: Created with pbiviz"/g' $(FILE_CERTIFICATIONTOOLS)
	

# Not a target:
.SUFFIXES:
#  Implicit rule search has not been done.
#  Modification time never checked.
#  File has not been updated.

# Not a target:
Makefile:
#  Implicit rule search has been done.
#  Last modified 2022-07-06 11:21:46
#  File has been updated.
#  Successfully updated.
# variable set hash-table stats:
# Load=0/32=0%, Rehash=0, Collisions=0/0=0%

start:
#  Implicit rule search has not been done.
#  Modification time never checked.
#  File has not been updated.
#  commands to execute (from `Makefile', line 25):
	pbiviz start
	

cert:
#  Implicit rule search has not been done.
#  Modification time never checked.
#  File has not been updated.
#  commands to execute (from `Makefile', line 8):
	pbiviz --install-cert
	echo "Finally: Edit Cert in Certification Manager - set Vertrauen to 'Immer Vertrauen'"
	

default:
#  Implicit rule search has not been done.
#  Modification time never checked.
#  File has not been updated.
#  commands to execute (from `Makefile', line 2):
	cat Makefile
	

# Not a target:
.DEFAULT:
#  Implicit rule search has not been done.
#  Modification time never checked.
#  File has not been updated.

clean_certs:
#  Implicit rule search has not been done.
#  Modification time never checked.
#  File has not been updated.
#  commands to execute (from `Makefile', line 18):
	rm -f ../../../.env.node/lib/node_modules/powerbi-visuals-tools/certs/PowerBICustomVisualTest_p*
	

install:
#  Implicit rule search has not been done.
#  Modification time never checked.
#  File has not been updated.
#  commands to execute (from `Makefile', line 22):
	pnpm install
	

# files hash-table stats:
# Load=11/1024=1%, Rehash=0, Collisions=0/24=0%
# VPATH Search Paths

# No `vpath' search paths.

# No general (`VPATH' variable) search path.

# # of strings in strcache: 1
# # of strcache buffers: 1
# strcache size: total = 4096 / max = 4096 / min = 4096 / avg = 4096
 
make: *** No rule to make target `all'.  Stop.

# strcache free: total = 4087 / max = 4087 / min = 4087 / avg = 4087

# Finished Make data base on Mon Jul 11 10:03:45 2022

 
